<!DOCTYPE html PUBLIC "-//W3C//DTD XHTML 1.1//EN" "https://www.w3.org/TR/xhtml11/DTD/xhtml11.dtd">
<html xmlns="https://www.w3.org/1999/xhtml">
<head>
<meta http-equiv="content-type" content="text/html; charset=UTF-8"/>
<title>TestNG Report</title>
<style type="text/css">table {margin-bottom:10px;border-collapse:collapse;empty-cells:show}th,td {border:1px solid #009;padding:.25em .5em}th {vertical-align:bottom}td {vertical-align:top}table a {font-weight:bold}.stripe td {background-color: #E6EBF9}.num {text-align:right}.passedodd td {background-color: #3F3}.passedeven td {background-color: #0A0}.skippedodd td {background-color: #DDD}.skippedeven td {background-color: #CCC}.failedodd td,.attn {background-color: #F33}.failedeven td,.stripe .attn {background-color: #D00}.stacktrace {white-space:pre;font-family:monospace}.totop {font-size:85%;text-align:center;border-bottom:2px solid #000}.invisible {display:none}</style>
</head>
<body>
<table>
<tr><th>Test</th><th># Passed</th><th># Skipped</th><th># Retried</th><th># Failed</th><th>Time (ms)</th><th>Included Groups</th><th>Excluded Groups</th></tr>
<tr><th colspan="8">Suite</th></tr>
<tr><td><a href="#t0">Test</a></td><td class="num">2</td><td class="num">0</td><td class="num">0</td><td class="num attn">14</td><td class="num">74,804</td><td></td><td></td></tr>
</table>
<table id='summary'><thead><tr><th>Class</th><th>Method</th><th>Start</th><th>Time (ms)</th></tr></thead><tbody><tr><th colspan="4">Suite</th></tr></tbody><tbody id="t0"><tr><th colspan="4">Test &#8212; failed</th></tr><tr class="failedeven"><td rowspan="5">com.Test.Alumni.TestClassAlumni</td><td><a href="#m0">ApplyJobVerification</a></td><td rowspan="1">1677238288737</td><td rowspan="1">3042</td></tr><tr class="failedeven"><td><a href="#m1">Loginverification</a></td><td rowspan="1">1677238283578</td><td rowspan="1">3052</td></tr><tr class="failedeven"><td><a href="#m2">LogoutVerification</a></td><td rowspan="1">1677238291781</td><td rowspan="1">35</td></tr><tr class="failedeven"><td><a href="#m3">SearchJobVerification</a></td><td rowspan="1">1677238286634</td><td rowspan="1">2096</td></tr><tr class="failedeven"><td><a href="#m4">Signupverification</a></td><td rowspan="1">1677238283165</td><td rowspan="1">406</td></tr><tr class="failedodd"><td rowspan="6">com.Test.Employer.TestClassEmployer</td><td><a href="#m5">CreateNewPostVerification</a></td><td rowspan="1">1677238273524</td><td rowspan="1">5826</td></tr><tr class="failedodd"><td><a href="#m6">EditPostVerification</a></td><td rowspan="1">1677238279356</td><td rowspan="1">2725</td></tr><tr class="failedodd"><td><a href="#m7">LogOutVerification</a></td><td rowspan="1">1677238282139</td><td rowspan="1">1018</td></tr><tr class="failedodd"><td><a href="#m8">LoginVerfication</a></td><td rowspan="1">1677238270457</td><td rowspan="1">3062</td></tr><tr class="failedodd"><td><a href="#m9">SignupVerification</a></td><td rowspan="1">1677238264026</td><td rowspan="1">6418</td></tr><tr class="failedodd"><td><a href="#m10">ViewResumeVerification</a></td><td rowspan="1">1677238282089</td><td rowspan="1">47</td></tr><tr class="failedeven"><td rowspan="3">com.Test.Faculty.TestClassFac</td><td><a href="#m11">Loginverification</a></td><td rowspan="1">1677238291839</td><td rowspan="1">3106</td></tr><tr class="failedeven"><td><a href="#m12">Logoutverification</a></td><td rowspan="1">1677238294948</td><td rowspan="1">39</td></tr><tr class="failedeven"><td><a href="#m13">Signupverification</a></td><td rowspan="1">1677238291819</td><td rowspan="1">17</td></tr><tr><th colspan="4">Test &#8212; passed</th></tr><tr class="passedeven"><td rowspan="2">com.Test.Visitor.TestClassVisitor</td><td><a href="#m14">JobNameSearch</a></td><td rowspan="1">1677238249873</td><td rowspan="1">14148</td></tr><tr class="passedeven"><td><a href="#m15">SearchJobinVisitorPage</a></td><td rowspan="1">1677238229469</td><td rowspan="1">20387</td></tr></tbody>
</table>
<h2>Test</h2><h3 id="m0">com.Test.Alumni.TestClassAlumni#ApplyJobVerification</h3><table class="result"><tr><th>Exception</th></tr><tr><td><div class="stacktrace">java.lang.NullPointerException: Cannot invoke &quot;org.openqa.selenium.SearchContext.findElement(org.openqa.selenium.By)&quot; because &quot;this.searchContext&quot; is null
	at org.openqa.selenium.support.pagefactory.DefaultElementLocator.findElement(DefaultElementLocator.java:70)
	at org.openqa.selenium.support.pagefactory.internal.LocatingElementHandler.invoke(LocatingElementHandler.java:39)
	at jdk.proxy2/jdk.proxy2.$Proxy16.click(Unknown Source)
	at com.Pages.Alumni.ApplyJobAlu.clickApply(ApplyJobAlu.java:57)
	at com.Test.Alumni.TestClassAlumni.ApplyJobVerification(TestClassAlumni.java:120)
	at java.base/java.util.ArrayList.forEach(ArrayList.java:1511)
... Removed 25 stack frames</div></td></tr></table><p class="totop"><a href="#summary">back to summary</a></p>
<h3 id="m1">com.Test.Alumni.TestClassAlumni#Loginverification</h3><table class="result"><tr><th>Exception</th></tr><tr><td><div class="stacktrace">java.lang.NullPointerException: Cannot invoke &quot;org.openqa.selenium.JavascriptExecutor.executeScript(String, Object[])&quot; because &quot;executor&quot; is null
	at com.Pages.Alumni.LoginAlu.movetoHome(LoginAlu.java:104)
	at com.Test.Alumni.TestClassAlumni.Loginverification(TestClassAlumni.java:75)
	at java.base/java.util.ArrayList.forEach(ArrayList.java:1511)
... Removed 25 stack frames</div></td></tr></table><p class="totop"><a href="#summary">back to summary</a></p>
<h3 id="m2">com.Test.Alumni.TestClassAlumni#LogoutVerification</h3><table class="result"><tr><th>Exception</th></tr><tr><td><div class="stacktrace">java.lang.NullPointerException: Cannot invoke &quot;org.openqa.selenium.WebDriver.getCurrentUrl()&quot; because &quot;this.driver&quot; is null
	at com.Test.Alumni.TestClassAlumni.LogoutVerification(TestClassAlumni.java:155)
	at java.base/java.util.ArrayList.forEach(ArrayList.java:1511)
... Removed 25 stack frames</div></td></tr></table><p class="totop"><a href="#summary">back to summary</a></p>
<h3 id="m3">com.Test.Alumni.TestClassAlumni#SearchJobVerification</h3><table class="result"><tr><th>Exception</th></tr><tr><td><div class="stacktrace">java.lang.NullPointerException: Cannot invoke &quot;org.openqa.selenium.SearchContext.findElement(org.openqa.selenium.By)&quot; because &quot;this.searchContext&quot; is null
	at org.openqa.selenium.support.pagefactory.DefaultElementLocator.findElement(DefaultElementLocator.java:70)
	at org.openqa.selenium.support.pagefactory.internal.LocatingElementHandler.invoke(LocatingElementHandler.java:39)
	at jdk.proxy2/jdk.proxy2.$Proxy16.sendKeys(Unknown Source)
	at com.Pages.Alumni.SearchJobsAlu.SearchJob(SearchJobsAlu.java:40)
	at com.Test.Alumni.TestClassAlumni.SearchJobVerification(TestClassAlumni.java:100)
	at java.base/java.util.ArrayList.forEach(ArrayList.java:1511)
... Removed 25 stack frames</div></td></tr></table><p class="totop"><a href="#summary">back to summary</a></p>
<h3 id="m4">com.Test.Alumni.TestClassAlumni#Signupverification</h3><table class="result"><tr><th>Exception</th></tr><tr><td><div class="stacktrace">java.lang.NullPointerException: Cannot invoke &quot;org.openqa.selenium.SearchContext.findElement(org.openqa.selenium.By)&quot; because &quot;this.searchContext&quot; is null
	at org.openqa.selenium.support.pagefactory.DefaultElementLocator.findElement(DefaultElementLocator.java:70)
	at org.openqa.selenium.support.pagefactory.internal.LocatingElementHandler.invoke(LocatingElementHandler.java:39)
	at jdk.proxy2/jdk.proxy2.$Proxy16.click(Unknown Source)
	at com.Pages.Alumni.SignupAlu.clickLogin(SignupAlu.java:55)
	at com.Test.Alumni.TestClassAlumni.Signupverification(TestClassAlumni.java:50)
	at java.base/java.util.ArrayList.forEach(ArrayList.java:1511)
... Removed 25 stack frames</div></td></tr></table><p class="totop"><a href="#summary">back to summary</a></p>
<h3 id="m5">com.Test.Employer.TestClassEmployer#CreateNewPostVerification</h3><table class="result"><tr><th>Exception</th></tr><tr><td><div class="stacktrace">java.lang.NullPointerException: Cannot invoke &quot;org.openqa.selenium.SearchContext.findElement(org.openqa.selenium.By)&quot; because &quot;this.searchContext&quot; is null
	at org.openqa.selenium.support.pagefactory.DefaultElementLocator.findElement(DefaultElementLocator.java:70)
	at org.openqa.selenium.support.pagefactory.internal.LocatingElementHandler.invoke(LocatingElementHandler.java:39)
	at jdk.proxy2/jdk.proxy2.$Proxy16.click(Unknown Source)
	at com.Pages.Employer.PostJobEmp.CreateNewPost(PostJobEmp.java:62)
	at com.Test.Employer.TestClassEmployer.CreateNewPostVerification(TestClassEmployer.java:115)
	at java.base/java.util.ArrayList.forEach(ArrayList.java:1511)
... Removed 25 stack frames</div></td></tr></table><p class="totop"><a href="#summary">back to summary</a></p>
<h3 id="m6">com.Test.Employer.TestClassEmployer#EditPostVerification</h3><table class="result"><tr><th>Exception</th></tr><tr><td><div class="stacktrace">java.lang.NullPointerException: Cannot invoke &quot;org.openqa.selenium.SearchContext.findElement(org.openqa.selenium.By)&quot; because &quot;this.searchContext&quot; is null
	at org.openqa.selenium.support.pagefactory.DefaultElementLocator.findElement(DefaultElementLocator.java:70)
	at org.openqa.selenium.support.pagefactory.internal.LocatingElementHandler.invoke(LocatingElementHandler.java:39)
	at jdk.proxy2/jdk.proxy2.$Proxy16.click(Unknown Source)
	at com.Pages.Employer.EditJobEmp.ClickViewJob(EditJobEmp.java:67)
	at com.Test.Employer.TestClassEmployer.EditPostVerification(TestClassEmployer.java:166)
	at java.base/java.util.ArrayList.forEach(ArrayList.java:1511)
... Removed 25 stack frames</div></td></tr></table><p class="totop"><a href="#summary">back to summary</a></p>
<h3 id="m7">com.Test.Employer.TestClassEmployer#LogOutVerification</h3><table class="result"><tr><th>Exception</th></tr><tr><td><div class="stacktrace">java.lang.NullPointerException: Cannot invoke &quot;org.openqa.selenium.JavascriptExecutor.executeScript(String, Object[])&quot; because &quot;js&quot; is null
	at com.Pages.Employer.LogoutEmp.ClickLogout(LogoutEmp.java:28)
	at com.Test.Employer.TestClassEmployer.LogOutVerification(TestClassEmployer.java:227)
	at java.base/java.util.ArrayList.forEach(ArrayList.java:1511)
... Removed 25 stack frames</div></td></tr></table><p class="totop"><a href="#summary">back to summary</a></p>
<h3 id="m8">com.Test.Employer.TestClassEmployer#LoginVerfication</h3><table class="result"><tr><th>Exception</th></tr><tr><td><div class="stacktrace">java.lang.NullPointerException: Cannot invoke &quot;org.openqa.selenium.SearchContext.findElement(org.openqa.selenium.By)&quot; because &quot;this.searchContext&quot; is null
	at org.openqa.selenium.support.pagefactory.DefaultElementLocator.findElement(DefaultElementLocator.java:70)
	at org.openqa.selenium.support.pagefactory.internal.LocatingElementHandler.invoke(LocatingElementHandler.java:39)
	at jdk.proxy2/jdk.proxy2.$Proxy16.click(Unknown Source)
	at com.Pages.Employer.LoginEmp.MovetoHome(LoginEmp.java:38)
	at com.Test.Employer.TestClassEmployer.LoginVerfication(TestClassEmployer.java:67)
	at java.base/java.util.ArrayList.forEach(ArrayList.java:1511)
... Removed 25 stack frames</div></td></tr></table><p class="totop"><a href="#summary">back to summary</a></p>
<h3 id="m9">com.Test.Employer.TestClassEmployer#SignupVerification</h3><table class="result"><tr><th>Exception</th></tr><tr><td><div class="stacktrace">java.lang.NullPointerException: Cannot invoke &quot;org.openqa.selenium.SearchContext.findElement(org.openqa.selenium.By)&quot; because &quot;this.searchContext&quot; is null
	at org.openqa.selenium.support.pagefactory.DefaultElementLocator.findElement(DefaultElementLocator.java:70)
	at org.openqa.selenium.support.pagefactory.internal.LocatingElementHandler.invoke(LocatingElementHandler.java:39)
	at jdk.proxy2/jdk.proxy2.$Proxy16.click(Unknown Source)
	at com.Pages.Employer.SignupEmp.ClickSignup(SignupEmp.java:44)
	at com.Test.Employer.TestClassEmployer.SignupVerification(TestClassEmployer.java:48)
	at java.base/java.util.ArrayList.forEach(ArrayList.java:1511)
... Removed 25 stack frames</div></td></tr></table><p class="totop"><a href="#summary">back to summary</a></p>
<h3 id="m10">com.Test.Employer.TestClassEmployer#ViewResumeVerification</h3><table class="result"><tr><th>Exception</th></tr><tr><td><div class="stacktrace">java.lang.NullPointerException: Cannot invoke &quot;org.openqa.selenium.WebDriver.getWindowHandle()&quot; because &quot;this.driver&quot; is null
	at com.Test.Employer.TestClassEmployer.ViewResumeVerification(TestClassEmployer.java:194)
	at java.base/java.util.ArrayList.forEach(ArrayList.java:1511)
... Removed 25 stack frames</div></td></tr></table><p class="totop"><a href="#summary">back to summary</a></p>
<h3 id="m11">com.Test.Faculty.TestClassFac#Loginverification</h3><table class="result"><tr><th>Exception</th></tr><tr><td><div class="stacktrace">java.lang.NullPointerException: Cannot invoke &quot;org.openqa.selenium.SearchContext.findElement(org.openqa.selenium.By)&quot; because &quot;this.searchContext&quot; is null
	at org.openqa.selenium.support.pagefactory.DefaultElementLocator.findElement(DefaultElementLocator.java:70)
	at org.openqa.selenium.support.pagefactory.internal.LocatingElementHandler.invoke(LocatingElementHandler.java:39)
	at jdk.proxy2/jdk.proxy2.$Proxy16.sendKeys(Unknown Source)
	at com.Pages.Faculty.LoginpageFac.enterEmail(LoginpageFac.java:29)
	at com.Test.Faculty.TestClassFac.Loginverification(TestClassFac.java:40)
	at java.base/java.util.ArrayList.forEach(ArrayList.java:1511)
... Removed 25 stack frames</div></td></tr></table><p class="totop"><a href="#summary">back to summary</a></p>
<h3 id="m12">com.Test.Faculty.TestClassFac#Logoutverification</h3><table class="result"><tr><th>Exception</th></tr><tr><td><div class="stacktrace">java.lang.NullPointerException: Cannot invoke &quot;org.openqa.selenium.SearchContext.findElement(org.openqa.selenium.By)&quot; because &quot;this.searchContext&quot; is null
	at org.openqa.selenium.support.pagefactory.DefaultElementLocator.findElement(DefaultElementLocator.java:70)
	at org.openqa.selenium.support.pagefactory.internal.LocatingElementHandler.invoke(LocatingElementHandler.java:39)
	at jdk.proxy2/jdk.proxy2.$Proxy16.click(Unknown Source)
	at com.Pages.Faculty.SignoutFac.clicksignout(SignoutFac.java:20)
	at com.Test.Faculty.TestClassFac.Logoutverification(TestClassFac.java:50)
	at java.base/java.util.ArrayList.forEach(ArrayList.java:1511)
... Removed 25 stack frames</div></td></tr></table><p class="totop"><a href="#summary">back to summary</a></p>
<h3 id="m13">com.Test.Faculty.TestClassFac#Signupverification</h3><table class="result"><tr><th>Exception</th></tr><tr><td><div class="stacktrace">java.lang.NullPointerException: Cannot invoke &quot;org.openqa.selenium.SearchContext.findElement(org.openqa.selenium.By)&quot; because &quot;this.searchContext&quot; is null
	at org.openqa.selenium.support.pagefactory.DefaultElementLocator.findElement(DefaultElementLocator.java:70)
	at org.openqa.selenium.support.pagefactory.internal.LocatingElementHandler.invoke(LocatingElementHandler.java:39)
	at jdk.proxy2/jdk.proxy2.$Proxy16.click(Unknown Source)
	at com.Pages.Faculty.SignupFac.clickonloginasFaculty(SignupFac.java:36)
	at com.Test.Faculty.TestClassFac.Signupverification(TestClassFac.java:23)
	at java.base/java.util.ArrayList.forEach(ArrayList.java:1511)
... Removed 25 stack frames</div></td></tr></table><p class="totop"><a href="#summary">back to summary</a></p>
<h3 id="m14">com.Test.Visitor.TestClassVisitor#JobNameSearch</h3><table class="result"><tr><th class="invisible"/></tr></table><p class="totop"><a href="#summary">back to summary</a></p>
<h3 id="m15">com.Test.Visitor.TestClassVisitor#SearchJobinVisitorPage</h3><table class="result"><tr><th class="invisible"/></tr></table><p class="totop"><a href="#summary">back to summary</a></p>
</body>
</html>
